0 info it worked if it ends with ok
1 verbose cli [ '/usr/local/Cellar/node/5.0.0/bin/node',
1 verbose cli   '/usr/local/bin/npm',
1 verbose cli   'run',
1 verbose cli   'int' ]
2 info using npm@3.3.9
3 info using node@v5.0.0
4 verbose run-script [ 'preint', 'int', 'postint' ]
5 info lifecycle bulk-force@0.1.4~preint: bulk-force@0.1.4
6 silly lifecycle bulk-force@0.1.4~preint: no script for preint, continuing
7 info lifecycle bulk-force@0.1.4~int: bulk-force@0.1.4
8 verbose lifecycle bulk-force@0.1.4~int: unsafe-perm in lifecycle true
9 verbose lifecycle bulk-force@0.1.4~int: PATH: /usr/local/lib/node_modules/npm/bin/node-gyp-bin:/Users/mvision/development/node/bulk-force/node_modules/.bin:/Library/Frameworks/Python.framework/Versions/2.7/bin:/Library/Frameworks/Python.framework/Versions/2.7/bin:/Users/mvision/.gvm/vertx/current/bin:/Users/mvision/.gvm/springboot/current/bin:/Users/mvision/.gvm/lazybones/current/bin:/Users/mvision/.gvm/jbake/current/bin:/Users/mvision/.gvm/groovyserv/current/bin:/Users/mvision/.gvm/groovy/current/bin:/Users/mvision/.gvm/griffon/current/bin:/Users/mvision/.gvm/grails/current/bin:/Users/mvision/.gvm/gradle/current/bin:/Users/mvision/.gvm/glide/current/bin:/Users/mvision/.gvm/gaiden/current/bin:/Users/mvision/.gvm/crash/current/bin:/Library/Frameworks/Python.framework/Versions/2.7/bin:/usr/local/bin:/usr/bin:/bin:/usr/sbin:/sbin:/Users/mvision/Development/scala-2.11.7/bin:/Users/mvision/Development/sbt/bin:/Applications/Sublime Text.app/Contents/SharedSupport/bin:/Users/mvision/Development/scala-2.11.7/bin:/Users/mvision/Development/sbt/bin:/Applications/Sublime Text.app/Contents/SharedSupport/bin:/Users/mvision/Development/scala-2.11.7/bin:/Users/mvision/Development/sbt/bin:/Applications/Sublime Text.app/Contents/SharedSupport/bin
10 verbose lifecycle bulk-force@0.1.4~int: CWD: /Users/mvision/development/node/bulk-force
11 silly lifecycle bulk-force@0.1.4~int: Args: [ '-c', 'DEBUG=bulk-force:* mocha test/int --timeout 20000' ]
12 silly lifecycle bulk-force@0.1.4~int: Returned: code: 1  signal: null
13 info lifecycle bulk-force@0.1.4~int: Failed to exec int script
14 verbose stack Error: bulk-force@0.1.4 int: `DEBUG=bulk-force:* mocha test/int --timeout 20000`
14 verbose stack Exit status 1
14 verbose stack     at EventEmitter.<anonymous> (/usr/local/lib/node_modules/npm/lib/utils/lifecycle.js:233:16)
14 verbose stack     at emitTwo (events.js:87:13)
14 verbose stack     at EventEmitter.emit (events.js:172:7)
14 verbose stack     at ChildProcess.<anonymous> (/usr/local/lib/node_modules/npm/lib/utils/spawn.js:24:14)
14 verbose stack     at emitTwo (events.js:87:13)
14 verbose stack     at ChildProcess.emit (events.js:172:7)
14 verbose stack     at maybeClose (internal/child_process.js:818:16)
14 verbose stack     at Process.ChildProcess._handle.onexit (internal/child_process.js:211:5)
15 verbose pkgid bulk-force@0.1.4
16 verbose cwd /Users/mvision/development/node/bulk-force
17 error Darwin 15.6.0
18 error argv "/usr/local/Cellar/node/5.0.0/bin/node" "/usr/local/bin/npm" "run" "int"
19 error node v5.0.0
20 error npm  v3.3.9
21 error code ELIFECYCLE
22 error bulk-force@0.1.4 int: `DEBUG=bulk-force:* mocha test/int --timeout 20000`
22 error Exit status 1
23 error Failed at the bulk-force@0.1.4 int script 'DEBUG=bulk-force:* mocha test/int --timeout 20000'.
23 error This is most likely a problem with the bulk-force package,
23 error not with npm itself.
23 error Tell the author that this fails on your system:
23 error     DEBUG=bulk-force:* mocha test/int --timeout 20000
23 error You can get their info via:
23 error     npm owner ls bulk-force
23 error There is likely additional logging output above.
24 verbose exit [ 1, true ]
